2023-08-17 00:46:39 INFO     Server started up
2023-08-17 00:46:44 INFO     Redirecting /js/showcase.js => /js/showcase-internal.js as using our internal showcase.js file
2023-08-17 00:46:44 INFO     Handling a post request on /api/mp/models/graph: graph of operationName: GetModelPolicies we are handling internally
2023-08-17 00:46:44 INFO     Handling a post request on /api/mp/models/graph: graph of operationName: GetModelViewPrefetch we are handling internally
2023-08-17 00:46:44 INFO     Handling a post request on /api/mp/models/graph: graph of operationName: GetSnapshots we are handling internally
2023-08-17 00:46:44 WARNING  404 error: /api/v1/event may not be downloading everything right
2023-08-17 00:46:47 WARNING  404 error: /api/v1/event may not be downloading everything right
2023-08-17 00:46:47 WARNING  404 error: /api/v1/event may not be downloading everything right
2023-08-17 00:46:47 WARNING  404 error: /api/v1/event may not be downloading everything right
2023-08-17 00:46:50 WARNING  404 error: /api/v1/event may not be downloading everything right
2023-08-17 00:46:50 WARNING  404 error: /api/v1/event may not be downloading everything right
2023-08-17 00:46:51 WARNING  404 error: /api/v1/event may not be downloading everything right
2023-08-17 00:46:51 WARNING  404 error: /api/v1/event may not be downloading everything right
2023-08-17 00:46:51 WARNING  404 error: /api/v1/event may not be downloading everything right
2023-08-17 00:46:51 WARNING  404 error: /api/v1/event may not be downloading everything right
2023-08-17 00:46:51 WARNING  404 error: /api/v1/event may not be downloading everything right
2023-08-17 00:46:51 WARNING  404 error: /api/v1/event may not be downloading everything right
2023-08-17 00:46:51 WARNING  404 error: /api/v1/event may not be downloading everything right
2023-08-17 00:46:54 WARNING  404 error: /api/v1/event may not be downloading everything right
2023-08-17 00:46:54 WARNING  404 error: /api/v1/event may not be downloading everything right
2023-08-17 00:46:54 WARNING  404 error: /api/v1/event may not be downloading everything right
2023-08-17 00:46:54 WARNING  404 error: /api/v1/event may not be downloading everything right
2023-08-17 00:46:56 WARNING  404 error: /api/v1/event may not be downloading everything right
2023-08-17 00:46:56 WARNING  404 error: /api/v1/event may not be downloading everything right
2023-08-17 00:46:56 WARNING  404 error: /api/v1/event may not be downloading everything right
2023-08-17 00:46:57 WARNING  404 error: /api/v1/event may not be downloading everything right
2023-08-17 00:46:57 WARNING  404 error: /api/v1/event may not be downloading everything right
2023-08-17 00:46:58 WARNING  404 error: /api/v1/event may not be downloading everything right
2023-08-17 00:46:59 WARNING  404 error: /api/v1/event may not be downloading everything right
2023-08-17 00:46:59 WARNING  404 error: /api/v1/event may not be downloading everything right
2023-08-17 00:46:59 WARNING  404 error: /api/v1/event may not be downloading everything right
2023-08-17 00:47:00 WARNING  404 error: /api/v1/event may not be downloading everything right
2023-08-17 00:47:00 WARNING  404 error: /api/v1/event may not be downloading everything right
2023-08-17 00:47:01 WARNING  404 error: /api/v1/event may not be downloading everything right
2023-08-17 00:47:01 WARNING  404 error: /api/v1/event may not be downloading everything right
2023-08-17 00:47:01 WARNING  404 error: /api/v1/event may not be downloading everything right
2023-08-17 00:47:04 WARNING  404 error: /api/v1/event may not be downloading everything right
2023-08-17 00:47:05 WARNING  404 error: /api/v1/event may not be downloading everything right
2023-08-17 00:47:05 WARNING  404 error: /api/v1/event may not be downloading everything right
2023-08-17 00:47:06 WARNING  404 error: /api/v1/event may not be downloading everything right
2023-08-17 00:47:06 WARNING  404 error: /api/v1/event may not be downloading everything right
2023-08-17 00:47:06 WARNING  404 error: /api/v1/event may not be downloading everything right
2023-08-17 00:47:07 WARNING  404 error: /api/v1/event may not be downloading everything right
2023-08-17 00:47:07 WARNING  404 error: /api/v1/event may not be downloading everything right
2023-08-17 00:47:07 WARNING  404 error: /api/v1/event may not be downloading everything right
2023-08-17 00:47:08 WARNING  404 error: /api/v1/event may not be downloading everything right
2023-08-17 00:47:09 WARNING  404 error: /api/v1/event may not be downloading everything right
2023-08-17 00:47:09 WARNING  404 error: /api/v1/event may not be downloading everything right
2023-08-17 00:47:09 WARNING  404 error: /api/v1/event may not be downloading everything right
2023-08-17 00:47:10 WARNING  404 error: /api/v1/event may not be downloading everything right
2023-08-17 00:47:10 WARNING  404 error: /api/v1/event may not be downloading everything right
2023-08-17 00:47:11 WARNING  404 error: /api/v1/event may not be downloading everything right
2023-08-17 00:47:11 WARNING  404 error: /api/v1/event may not be downloading everything right
2023-08-17 00:47:11 WARNING  404 error: /api/v1/event may not be downloading everything right
2023-08-17 00:47:11 WARNING  404 error: /api/v1/event may not be downloading everything right
2023-08-17 00:47:12 WARNING  404 error: /api/v1/event may not be downloading everything right
2023-08-17 00:47:13 WARNING  404 error: /api/v1/event may not be downloading everything right
2023-08-17 00:47:13 WARNING  404 error: /api/v1/event may not be downloading everything right
2023-08-17 00:47:13 WARNING  404 error: /api/v1/event may not be downloading everything right
2023-08-17 00:47:15 WARNING  404 error: /api/v1/event?api_key=Rk5K64KYkKq9ZbcheBn4d may not be downloading everything right
