2023-08-17 00:46:39 INFO     Server started up
2023-08-17 00:46:44 INFO     Redirecting /js/showcase.js => /js/showcase-internal.js as using our internal showcase.js file
2023-08-17 00:46:44 INFO     Handling a post request on /api/mp/models/graph: graph of operationName: GetModelPolicies we are handling internally
2023-08-17 00:46:44 INFO     Handling a post request on /api/mp/models/graph: graph of operationName: GetModelViewPrefetch we are handling internally
2023-08-17 00:46:44 INFO     Handling a post request on /api/mp/models/graph: graph of operationName: GetSnapshots we are handling internally
2023-08-17 00:46:44 WARNING  404 error: /api/v1/event may not be downloading everything right
2023-08-17 00:46:47 WARNING  404 error: /api/v1/event may not be downloading everything right
2023-08-17 00:46:47 WARNING  404 error: /api/v1/event may not be downloading everything right
2023-08-17 00:46:47 WARNING  404 error: /api/v1/event may not be downloading everything right
2023-08-17 00:46:50 WARNING  404 error: /api/v1/event may not be downloading everything right
2023-08-17 00:46:50 WARNING  404 error: /api/v1/event may not be downloading everything right
2023-08-17 00:46:51 WARNING  404 error: /api/v1/event may not be downloading everything right
2023-08-17 00:46:51 WARNING  404 error: /api/v1/event may not be downloading everything right
2023-08-17 00:46:51 WARNING  404 error: /api/v1/event may not be downloading everything right
2023-08-17 00:46:51 WARNING  404 error: /api/v1/event may not be downloading everything right
2023-08-17 00:46:51 WARNING  404 error: /api/v1/event may not be downloading everything right
2023-08-17 00:46:51 WARNING  404 error: /api/v1/event may not be downloading everything right
2023-08-17 00:46:51 WARNING  404 error: /api/v1/event may not be downloading everything right
2023-08-17 00:46:54 WARNING  404 error: /api/v1/event may not be downloading everything right
2023-08-17 00:46:54 WARNING  404 error: /api/v1/event may not be downloading everything right
2023-08-17 00:46:54 WARNING  404 error: /api/v1/event may not be downloading everything right
2023-08-17 00:46:54 WARNING  404 error: /api/v1/event may not be downloading everything right
2023-08-17 00:46:56 WARNING  404 error: /api/v1/event may not be downloading everything right
2023-08-17 00:46:56 WARNING  404 error: /api/v1/event may not be downloading everything right
2023-08-17 00:46:56 WARNING  404 error: /api/v1/event may not be downloading everything right
2023-08-17 00:46:57 WARNING  404 error: /api/v1/event may not be downloading everything right
2023-08-17 00:46:57 WARNING  404 error: /api/v1/event may not be downloading everything right
2023-08-17 00:46:58 WARNING  404 error: /api/v1/event may not be downloading everything right
2023-08-17 00:46:59 WARNING  404 error: /api/v1/event may not be downloading everything right
2023-08-17 00:46:59 WARNING  404 error: /api/v1/event may not be downloading everything right
2023-08-17 00:46:59 WARNING  404 error: /api/v1/event may not be downloading everything right
2023-08-17 00:47:00 WARNING  404 error: /api/v1/event may not be downloading everything right
2023-08-17 00:47:00 WARNING  404 error: /api/v1/event may not be downloading everything right
2023-08-17 00:47:01 WARNING  404 error: /api/v1/event may not be downloading everything right
2023-08-17 00:47:01 WARNING  404 error: /api/v1/event may not be downloading everything right
2023-08-17 00:47:01 WARNING  404 error: /api/v1/event may not be downloading everything right
2023-08-17 00:47:04 WARNING  404 error: /api/v1/event may not be downloading everything right
2023-08-17 00:47:05 WARNING  404 error: /api/v1/event may not be downloading everything right
2023-08-17 00:47:05 WARNING  404 error: /api/v1/event may not be downloading everything right
2023-08-17 00:47:06 WARNING  404 error: /api/v1/event may not be downloading everything right
2023-08-17 00:47:06 WARNING  404 error: /api/v1/event may not be downloading everything right
2023-08-17 00:47:06 WARNING  404 error: /api/v1/event may not be downloading everything right
2023-08-17 00:47:07 WARNING  404 error: /api/v1/event may not be downloading everything right
2023-08-17 00:47:07 WARNING  404 error: /api/v1/event may not be downloading everything right
2023-08-17 00:47:07 WARNING  404 error: /api/v1/event may not be downloading everything right
2023-08-17 00:47:08 WARNING  404 error: /api/v1/event may not be downloading everything right
2023-08-17 00:47:09 WARNING  404 error: /api/v1/event may not be downloading everything right
2023-08-17 00:47:09 WARNING  404 error: /api/v1/event may not be downloading everything right
2023-08-17 00:47:09 WARNING  404 error: /api/v1/event may not be downloading everything right
2023-08-17 00:47:10 WARNING  404 error: /api/v1/event may not be downloading everything right
2023-08-17 00:47:10 WARNING  404 error: /api/v1/event may not be downloading everything right
2023-08-17 00:47:11 WARNING  404 error: /api/v1/event may not be downloading everything right
2023-08-17 00:47:11 WARNING  404 error: /api/v1/event may not be downloading everything right
2023-08-17 00:47:11 WARNING  404 error: /api/v1/event may not be downloading everything right
2023-08-17 00:47:11 WARNING  404 error: /api/v1/event may not be downloading everything right
2023-08-17 00:47:12 WARNING  404 error: /api/v1/event may not be downloading everything right
2023-08-17 00:47:13 WARNING  404 error: /api/v1/event may not be downloading everything right
2023-08-17 00:47:13 WARNING  404 error: /api/v1/event may not be downloading everything right
2023-08-17 00:47:13 WARNING  404 error: /api/v1/event may not be downloading everything right
2023-08-17 00:47:15 WARNING  404 error: /api/v1/event?api_key=Rk5K64KYkKq9ZbcheBn4d may not be downloading everything right
2023-08-17 00:57:36 INFO     Handling a post request on /api/mp/models/graph: graph of operationName: GetModelPolicies we are handling internally
2023-08-17 00:57:37 INFO     Handling a post request on /api/mp/models/graph: graph of operationName: GetModelViewPrefetch we are handling internally
2023-08-17 00:57:37 INFO     Handling a post request on /api/mp/models/graph: graph of operationName: GetSnapshots we are handling internally
2023-08-17 00:57:37 WARNING  404 error: /api/v1/event may not be downloading everything right
2023-08-17 00:57:37 WARNING  404 error: /api/v1/event may not be downloading everything right
2023-08-17 00:57:37 WARNING  404 error: /api/v1/event may not be downloading everything right
2023-08-17 00:57:37 WARNING  404 error: /api/v1/event may not be downloading everything right
2023-08-17 00:57:40 WARNING  404 error: /api/v1/event may not be downloading everything right
2023-08-17 00:57:41 WARNING  404 error: /api/v1/event may not be downloading everything right
2023-08-17 00:57:41 WARNING  404 error: /api/v1/event may not be downloading everything right
2023-08-17 00:57:41 WARNING  404 error: /api/v1/event may not be downloading everything right
2023-08-17 00:57:41 WARNING  404 error: /api/v1/event may not be downloading everything right
2023-08-17 00:57:41 WARNING  404 error: /api/v1/event may not be downloading everything right
2023-08-17 00:57:41 WARNING  404 error: /api/v1/event may not be downloading everything right
2023-08-17 00:57:41 WARNING  404 error: /api/v1/event may not be downloading everything right
2023-08-17 00:57:41 WARNING  404 error: /api/v1/event may not be downloading everything right
2023-08-17 00:57:42 WARNING  404 error: /api/v1/event may not be downloading everything right
2023-08-17 00:57:42 WARNING  404 error: /api/v1/event may not be downloading everything right
2023-08-17 00:57:43 WARNING  404 error: /api/v1/event may not be downloading everything right
2023-08-17 00:57:43 WARNING  404 error: /api/v1/event may not be downloading everything right
2023-08-17 00:57:44 WARNING  404 error: /api/v1/event may not be downloading everything right
2023-08-17 00:57:45 WARNING  404 error: /api/v1/event may not be downloading everything right
2023-08-17 00:57:45 WARNING  404 error: /api/v1/event may not be downloading everything right
2023-08-17 00:57:45 WARNING  404 error: /api/v1/event may not be downloading everything right
2023-08-17 00:57:46 WARNING  404 error: /api/v1/event may not be downloading everything right
2023-08-17 00:57:46 WARNING  404 error: /api/v1/event may not be downloading everything right
2023-08-17 00:57:47 WARNING  404 error: /api/v1/event may not be downloading everything right
2023-08-17 00:57:47 WARNING  404 error: /api/v1/event may not be downloading everything right
2023-08-17 00:57:47 WARNING  404 error: /api/v1/event may not be downloading everything right
2023-08-17 00:57:47 WARNING  404 error: /api/v1/event may not be downloading everything right
2023-08-17 00:57:47 WARNING  404 error: /api/v1/event may not be downloading everything right
2023-08-17 00:57:48 WARNING  404 error: /api/v1/event may not be downloading everything right
2023-08-17 00:57:48 WARNING  404 error: /api/v1/event may not be downloading everything right
2023-08-17 00:57:49 WARNING  404 error: /api/v1/event may not be downloading everything right
2023-08-17 00:57:49 WARNING  404 error: /api/v1/event may not be downloading everything right
2023-08-17 00:57:50 WARNING  404 error: /api/v1/event may not be downloading everything right
2023-08-17 00:57:50 WARNING  404 error: /api/v1/event may not be downloading everything right
2023-08-17 00:57:50 WARNING  404 error: /api/v1/event may not be downloading everything right
2023-08-17 00:57:52 WARNING  404 error: /api/v1/event may not be downloading everything right
2023-08-17 00:57:52 WARNING  404 error: /api/v1/event may not be downloading everything right
2023-08-17 00:57:56 WARNING  404 error: /api/v1/event?api_key=Rk5K64KYkKq9ZbcheBn4d may not be downloading everything right
2023-08-17 01:19:47 INFO     Redirecting /js/showcase.js => /js/showcase-internal.js as using our internal showcase.js file
2023-08-17 01:19:47 INFO     Handling a post request on /api/mp/models/graph: graph of operationName: GetModelPolicies we are handling internally
2023-08-17 01:19:47 INFO     Handling a post request on /api/mp/models/graph: graph of operationName: GetModelViewPrefetch we are handling internally
2023-08-17 01:19:47 INFO     Handling a post request on /api/mp/models/graph: graph of operationName: GetSnapshots we are handling internally
2023-08-17 01:19:47 WARNING  404 error: /api/v1/event may not be downloading everything right
2023-08-17 01:19:48 WARNING  404 error: /api/v1/event may not be downloading everything right
2023-08-17 01:19:48 WARNING  404 error: /api/v1/event may not be downloading everything right
2023-08-17 01:19:48 WARNING  404 error: /api/v1/event may not be downloading everything right
2023-08-17 01:19:51 WARNING  404 error: /api/v1/event may not be downloading everything right
2023-08-17 01:19:51 WARNING  404 error: /api/v1/event may not be downloading everything right
2023-08-17 01:19:52 WARNING  404 error: /api/v1/event may not be downloading everything right
2023-08-17 01:19:52 WARNING  404 error: /api/v1/event may not be downloading everything right
2023-08-17 01:19:52 WARNING  404 error: /api/v1/event may not be downloading everything right
2023-08-17 01:19:52 WARNING  404 error: /api/v1/event may not be downloading everything right
2023-08-17 01:19:52 WARNING  404 error: /api/v1/event may not be downloading everything right
2023-08-17 01:19:52 WARNING  404 error: /api/v1/event may not be downloading everything right
2023-08-17 01:19:52 WARNING  404 error: /api/v1/event may not be downloading everything right
2023-08-17 01:19:57 WARNING  404 error: /api/v1/event may not be downloading everything right
2023-08-17 01:20:01 WARNING  404 error: /api/v1/event may not be downloading everything right
2023-08-17 01:20:04 WARNING  404 error: /api/v1/event may not be downloading everything right
2023-08-17 01:20:15 WARNING  404 error: /api/v1/event may not be downloading everything right
2023-08-17 01:20:44 WARNING  404 error: /api/v1/event may not be downloading everything right
2023-08-17 01:21:01 WARNING  404 error: /api/v1/event may not be downloading everything right
2023-08-17 01:32:20 WARNING  404 error: /api/v1/event?api_key=Rk5K64KYkKq9ZbcheBn4d may not be downloading everything right
2023-08-17 01:40:42 INFO     Server started up
2023-08-17 01:40:46 INFO     Redirecting /js/showcase.js => /js/showcase-internal.js as using our internal showcase.js file
2023-08-17 01:40:46 INFO     Handling a post request on /api/mp/models/graph: graph of operationName: GetModelPolicies we are handling internally
2023-08-17 01:40:47 INFO     Handling a post request on /api/mp/models/graph: graph of operationName: GetModelViewPrefetch we are handling internally
2023-08-17 01:40:47 INFO     Handling a post request on /api/mp/models/graph: graph of operationName: GetSnapshots we are handling internally
2023-08-17 01:40:47 WARNING  404 error: /api/v1/event may not be downloading everything right
2023-08-17 01:40:47 WARNING  404 error: /api/v1/event may not be downloading everything right
2023-08-17 01:40:47 WARNING  404 error: /api/v1/event may not be downloading everything right
2023-08-17 01:40:47 WARNING  404 error: /api/v1/event may not be downloading everything right
2023-08-17 02:20:54 INFO     Server started up
2023-08-17 02:21:01 WARNING  404 error: /api/v1/event may not be downloading everything right
2023-08-17 02:21:01 WARNING  404 error: /api/v1/event may not be downloading everything right
2023-08-17 02:21:02 WARNING  404 error: /api/v1/event may not be downloading everything right
2023-08-17 02:21:02 WARNING  404 error: /api/v1/event may not be downloading everything right
2023-08-17 02:21:02 WARNING  404 error: /api/v1/event may not be downloading everything right
2023-08-17 02:21:02 WARNING  404 error: /api/v1/event may not be downloading everything right
2023-08-17 02:23:06 INFO     Server started up
2023-08-17 02:23:11 INFO     Handling a post request on /api/mp/models/graph: graph of operationName: GetModelPolicies we are handling internally
2023-08-17 02:23:11 INFO     Handling a post request on /api/mp/models/graph: graph of operationName: GetModelViewPrefetch we are handling internally
2023-08-17 02:23:11 INFO     Handling a post request on /api/mp/models/graph: graph of operationName: GetSnapshots we are handling internally
2023-08-17 02:23:11 WARNING  404 error: /api/v1/event may not be downloading everything right
2023-08-17 02:23:12 WARNING  404 error: /api/v1/event may not be downloading everything right
2023-08-17 02:23:12 WARNING  404 error: /api/v1/event may not be downloading everything right
2023-08-17 02:23:12 WARNING  404 error: /api/v1/event may not be downloading everything right
2023-08-17 02:23:15 WARNING  404 error: /api/v1/event may not be downloading everything right
2023-08-17 02:23:16 WARNING  404 error: /api/v1/event may not be downloading everything right
2023-08-17 02:23:16 WARNING  404 error: /api/v1/event may not be downloading everything right
2023-08-17 02:23:16 WARNING  404 error: /api/v1/event may not be downloading everything right
2023-08-17 02:23:16 WARNING  404 error: /api/v1/event may not be downloading everything right
2023-08-17 02:23:16 WARNING  404 error: /api/v1/event may not be downloading everything right
2023-08-17 02:23:16 WARNING  404 error: /api/v1/event may not be downloading everything right
2023-08-17 02:23:16 WARNING  404 error: /api/v1/event may not be downloading everything right
2023-08-17 02:23:25 WARNING  404 error: /api/v1/event may not be downloading everything right
2023-08-17 02:24:06 INFO     Server started up
2023-08-17 02:24:09 WARNING  404 error: /api/v1/event?api_key=Rk5K64KYkKq9ZbcheBn4d may not be downloading everything right
2023-08-17 02:24:09 WARNING  404 error: /api/v1/event may not be downloading everything right
2023-08-17 02:24:10 WARNING  404 error: /api/v1/event may not be downloading everything right
2023-08-17 02:24:41 INFO     Server started up
2023-08-17 02:24:47 INFO     Handling a post request on /api/mp/models/graph: graph of operationName: GetModelPolicies we are handling internally
2023-08-17 02:24:47 INFO     Handling a post request on /api/mp/models/graph: graph of operationName: GetModelViewPrefetch we are handling internally
2023-08-17 02:24:47 INFO     Handling a post request on /api/mp/models/graph: graph of operationName: GetSnapshots we are handling internally
2023-08-17 02:24:47 WARNING  404 error: /api/v1/event may not be downloading everything right
2023-08-17 02:24:47 WARNING  404 error: /api/v1/event may not be downloading everything right
2023-08-17 02:24:47 WARNING  404 error: /api/v1/event may not be downloading everything right
2023-08-17 02:24:47 WARNING  404 error: /api/v1/event may not be downloading everything right
2023-08-17 02:24:51 WARNING  404 error: /api/v1/event may not be downloading everything right
2023-08-17 02:24:51 WARNING  404 error: /api/v1/event may not be downloading everything right
2023-08-17 02:24:52 WARNING  404 error: /api/v1/event may not be downloading everything right
2023-08-17 02:24:52 WARNING  404 error: /api/v1/event may not be downloading everything right
2023-08-17 02:24:52 WARNING  404 error: /api/v1/event may not be downloading everything right
2023-08-17 02:24:52 WARNING  404 error: /api/v1/event may not be downloading everything right
2023-08-17 02:24:52 WARNING  404 error: /api/v1/event may not be downloading everything right
2023-08-17 02:24:52 WARNING  404 error: /api/v1/event may not be downloading everything right
2023-08-17 02:24:52 WARNING  404 error: /api/v1/event may not be downloading everything right
2023-08-17 02:24:58 WARNING  404 error: /api/v1/event may not be downloading everything right
2023-08-17 02:25:40 WARNING  404 error: /api/v1/event may not be downloading everything right
2023-08-17 02:25:41 WARNING  404 error: /api/v1/event may not be downloading everything right
2023-08-17 02:25:48 WARNING  404 error: /api/v1/event may not be downloading everything right
2023-08-17 03:18:46 INFO     Server started up
2023-08-17 03:18:47 INFO     Handling a post request on /api/mp/models/graph: graph of operationName: GetModelPolicies we are handling internally
2023-08-17 03:18:47 INFO     Handling a post request on /api/mp/models/graph: graph of operationName: GetModelViewPrefetch we are handling internally
2023-08-17 03:18:47 INFO     Handling a post request on /api/mp/models/graph: graph of operationName: GetSnapshots we are handling internally
2023-08-17 03:18:47 WARNING  404 error: /api/v1/event may not be downloading everything right
2023-08-17 03:18:48 WARNING  404 error: /api/v1/event may not be downloading everything right
2023-08-17 03:18:48 WARNING  404 error: /api/v1/event may not be downloading everything right
2023-08-17 03:18:48 WARNING  404 error: /api/v1/event may not be downloading everything right
2023-08-17 03:18:51 WARNING  404 error: /api/v1/event may not be downloading everything right
2023-08-17 03:18:52 WARNING  404 error: /api/v1/event may not be downloading everything right
2023-08-17 03:18:52 WARNING  404 error: /api/v1/event may not be downloading everything right
2023-08-17 03:18:52 WARNING  404 error: /api/v1/event may not be downloading everything right
2023-08-17 03:18:52 WARNING  404 error: /api/v1/event may not be downloading everything right
2023-08-17 03:18:52 WARNING  404 error: /api/v1/event may not be downloading everything right
2023-08-17 03:18:52 WARNING  404 error: /api/v1/event may not be downloading everything right
2023-08-17 03:18:52 WARNING  404 error: /api/v1/event may not be downloading everything right
2023-08-17 03:18:52 WARNING  404 error: /api/v1/event may not be downloading everything right
2023-08-17 03:18:57 WARNING  404 error: /api/v1/event may not be downloading everything right
2023-08-17 03:18:57 WARNING  404 error: /api/v1/event may not be downloading everything right
2023-08-17 03:19:01 WARNING  404 error: /api/v1/event may not be downloading everything right
2023-08-17 03:19:01 WARNING  404 error: /api/v1/event?api_key=Rk5K64KYkKq9ZbcheBn4d may not be downloading everything right
2023-08-17 03:19:02 INFO     Handling a post request on /api/mp/models/graph: graph of operationName: GetModelPolicies we are handling internally
2023-08-17 03:19:02 INFO     Handling a post request on /api/mp/models/graph: graph of operationName: GetModelViewPrefetch we are handling internally
2023-08-17 03:19:02 INFO     Handling a post request on /api/mp/models/graph: graph of operationName: GetSnapshots we are handling internally
2023-08-17 03:19:02 WARNING  404 error: /api/v1/event may not be downloading everything right
2023-08-17 03:19:02 WARNING  404 error: /api/v1/event may not be downloading everything right
2023-08-17 03:19:02 WARNING  404 error: /api/v1/event may not be downloading everything right
2023-08-17 03:19:02 WARNING  404 error: /api/v1/event may not be downloading everything right
2023-08-17 03:19:05 WARNING  404 error: /api/v1/event may not be downloading everything right
2023-08-17 03:19:06 WARNING  404 error: /api/v1/event may not be downloading everything right
2023-08-17 03:19:06 WARNING  404 error: /api/v1/event may not be downloading everything right
2023-08-17 03:19:06 WARNING  404 error: /api/v1/event may not be downloading everything right
2023-08-17 03:19:06 WARNING  404 error: /api/v1/event may not be downloading everything right
2023-08-17 03:19:06 WARNING  404 error: /api/v1/event may not be downloading everything right
2023-08-17 03:19:06 WARNING  404 error: /api/v1/event may not be downloading everything right
2023-08-17 03:19:07 WARNING  404 error: /api/v1/event may not be downloading everything right
2023-08-17 03:19:15 WARNING  404 error: /api/v1/event may not be downloading everything right
2023-08-17 03:19:22 WARNING  404 error: /api/v1/event may not be downloading everything right
2023-08-17 03:19:25 WARNING  404 error: /api/v1/event?api_key=Rk5K64KYkKq9ZbcheBn4d may not be downloading everything right
2023-08-17 03:19:25 INFO     Handling a post request on /api/mp/models/graph: graph of operationName: GetModelPolicies we are handling internally
2023-08-17 03:19:25 INFO     Handling a post request on /api/mp/models/graph: graph of operationName: GetModelViewPrefetch we are handling internally
2023-08-17 03:19:25 INFO     Handling a post request on /api/mp/models/graph: graph of operationName: GetSnapshots we are handling internally
2023-08-17 03:19:25 WARNING  404 error: /api/v1/event may not be downloading everything right
2023-08-17 03:19:26 WARNING  404 error: /api/v1/event may not be downloading everything right
2023-08-17 03:19:26 WARNING  404 error: /api/v1/event may not be downloading everything right
2023-08-17 03:19:26 WARNING  404 error: /api/v1/event may not be downloading everything right
2023-08-17 03:19:29 WARNING  404 error: /api/v1/event may not be downloading everything right
2023-08-17 03:19:29 WARNING  404 error: /api/v1/event may not be downloading everything right
2023-08-17 03:19:30 WARNING  404 error: /api/v1/event may not be downloading everything right
2023-08-17 03:19:30 WARNING  404 error: /api/v1/event may not be downloading everything right
2023-08-17 03:19:30 WARNING  404 error: /api/v1/event may not be downloading everything right
2023-08-17 03:19:30 WARNING  404 error: /api/v1/event may not be downloading everything right
2023-08-17 03:19:30 WARNING  404 error: /api/v1/event may not be downloading everything right
2023-08-17 03:19:30 WARNING  404 error: /api/v1/event may not be downloading everything right
2023-08-17 03:19:39 WARNING  404 error: /api/v1/event may not be downloading everything right
2023-08-17 03:19:41 WARNING  404 error: /api/v1/event may not be downloading everything right
2023-08-17 03:20:22 WARNING  404 error: /api/v1/event?api_key=Rk5K64KYkKq9ZbcheBn4d may not be downloading everything right
2023-08-17 03:20:23 INFO     Handling a post request on /api/mp/models/graph: graph of operationName: GetModelPolicies we are handling internally
2023-08-17 03:20:23 INFO     Handling a post request on /api/mp/models/graph: graph of operationName: GetModelViewPrefetch we are handling internally
2023-08-17 03:20:23 INFO     Handling a post request on /api/mp/models/graph: graph of operationName: GetSnapshots we are handling internally
2023-08-17 03:20:23 WARNING  404 error: /api/v1/event may not be downloading everything right
2023-08-17 03:20:23 WARNING  404 error: /api/v1/event may not be downloading everything right
2023-08-17 03:20:23 WARNING  404 error: /api/v1/event may not be downloading everything right
2023-08-17 03:20:23 WARNING  404 error: /api/v1/event may not be downloading everything right
2023-08-17 03:20:26 WARNING  404 error: /api/v1/event may not be downloading everything right
2023-08-17 03:20:27 WARNING  404 error: /api/v1/event may not be downloading everything right
2023-08-17 03:20:27 WARNING  404 error: /api/v1/event may not be downloading everything right
2023-08-17 03:20:28 WARNING  404 error: /api/v1/event may not be downloading everything right
2023-08-17 03:20:28 WARNING  404 error: /api/v1/event may not be downloading everything right
2023-08-17 03:20:28 WARNING  404 error: /api/v1/event may not be downloading everything right
2023-08-17 03:20:28 WARNING  404 error: /api/v1/event may not be downloading everything right
2023-08-17 03:20:28 WARNING  404 error: /api/v1/event may not be downloading everything right
2023-08-17 03:20:29 WARNING  404 error: /api/v1/event?api_key=Rk5K64KYkKq9ZbcheBn4d may not be downloading everything right
2023-08-17 03:26:51 INFO     Server started up
2023-08-17 03:28:00 INFO     Redirecting /js/showcase.js => /js/showcase-internal.js as using our internal showcase.js file
2023-08-17 03:28:01 INFO     Handling a post request on /api/mp/models/graph: graph of operationName: GetModelPolicies we are handling internally
2023-08-17 03:28:02 INFO     Handling a post request on /api/mp/models/graph: graph of operationName: GetModelViewPrefetch we are handling internally
2023-08-17 03:28:02 INFO     Handling a post request on /api/mp/models/graph: graph of operationName: GetSnapshots we are handling internally
2023-08-17 03:28:03 WARNING  404 error: /api/v1/event may not be downloading everything right
2023-08-17 03:33:23 INFO     Server started up
2023-08-17 03:33:52 INFO     Server started up
2023-08-17 03:34:28 INFO     Server started up
2023-08-17 03:34:31 INFO     Redirecting /js/showcase.js => /js/showcase-internal.js as using our internal showcase.js file
2023-08-17 03:34:32 INFO     Handling a post request on /api/mp/models/graph: graph of operationName: GetModelPolicies we are handling internally
2023-08-17 03:34:33 INFO     Handling a post request on /api/mp/models/graph: graph of operationName: GetModelViewPrefetch we are handling internally
2023-08-17 03:34:36 INFO     Handling a post request on /api/mp/models/graph: graph of operationName: GetSnapshots we are handling internally
2023-08-17 03:34:38 WARNING  404 error: /api/v1/event may not be downloading everything right
2023-09-04 01:08:33 INFO     Server started up
2023-09-04 01:08:39 INFO     Handling a post request on /api/mp/models/graph: graph of operationName: GetModelPolicies we are handling internally
2023-09-04 01:08:39 INFO     Handling a post request on /api/mp/models/graph: graph of operationName: GetModelViewPrefetch we are handling internally
2023-09-04 01:08:39 INFO     Handling a post request on /api/mp/models/graph: graph of operationName: GetSnapshots we are handling internally
2023-09-04 01:08:39 WARNING  404 error: /api/v1/event may not be downloading everything right
2023-09-04 01:08:40 WARNING  404 error: /api/v1/event may not be downloading everything right
2023-09-04 01:08:40 WARNING  404 error: /api/v1/event may not be downloading everything right
2023-09-04 01:08:40 WARNING  404 error: /api/v1/event may not be downloading everything right
2023-09-04 01:08:43 WARNING  404 error: /api/v1/event may not be downloading everything right
2023-09-04 01:08:44 WARNING  404 error: /api/v1/event may not be downloading everything right
2023-09-04 01:08:44 WARNING  404 error: /api/v1/event may not be downloading everything right
2023-09-04 01:08:44 WARNING  404 error: /api/v1/event may not be downloading everything right
2023-09-04 01:08:44 WARNING  404 error: /api/v1/event may not be downloading everything right
2023-09-04 01:08:44 WARNING  404 error: /api/v1/event may not be downloading everything right
2023-09-04 01:08:44 WARNING  404 error: /api/v1/event may not be downloading everything right
2023-09-04 01:08:45 WARNING  404 error: /api/v1/event may not be downloading everything right
2023-09-04 01:08:45 WARNING  404 error: /api/v1/event may not be downloading everything right
2023-09-04 01:08:47 WARNING  404 error: /api/v1/event?api_key=Rk5K64KYkKq9ZbcheBn4d may not be downloading everything right
2023-09-04 01:09:15 INFO     Server started up
2023-09-04 01:09:20 INFO     Handling a post request on /api/mp/models/graph: graph of operationName: GetModelPolicies we are handling internally
2023-09-04 01:09:20 INFO     Handling a post request on /api/mp/models/graph: graph of operationName: GetModelViewPrefetch we are handling internally
2023-09-04 01:09:20 INFO     Handling a post request on /api/mp/models/graph: graph of operationName: GetSnapshots we are handling internally
2023-09-04 01:09:20 WARNING  404 error: /api/v1/event may not be downloading everything right
2023-09-04 01:09:20 WARNING  404 error: /api/v1/event may not be downloading everything right
2023-09-04 01:09:20 WARNING  404 error: /api/v1/event may not be downloading everything right
2023-09-04 01:09:20 WARNING  404 error: /api/v1/event may not be downloading everything right
2023-09-04 01:09:24 WARNING  404 error: /api/v1/event may not be downloading everything right
2023-09-04 01:09:24 WARNING  404 error: /api/v1/event may not be downloading everything right
2023-09-04 01:09:25 WARNING  404 error: /api/v1/event may not be downloading everything right
2023-09-04 01:09:25 WARNING  404 error: /api/v1/event may not be downloading everything right
2023-09-04 01:09:25 WARNING  404 error: /api/v1/event may not be downloading everything right
2023-09-04 01:09:25 WARNING  404 error: /api/v1/event may not be downloading everything right
2023-09-04 01:09:25 WARNING  404 error: /api/v1/event may not be downloading everything right
2023-09-04 01:09:25 WARNING  404 error: /api/v1/event may not be downloading everything right
2023-09-04 01:09:27 WARNING  404 error: /api/v1/event may not be downloading everything right
2023-09-04 01:09:28 WARNING  404 error: /api/v1/event may not be downloading everything right
2023-09-04 01:09:28 WARNING  404 error: /api/v1/event?api_key=Rk5K64KYkKq9ZbcheBn4d may not be downloading everything right
2023-09-04 01:09:29 INFO     Handling a post request on /api/mp/models/graph: graph of operationName: GetModelPolicies we are handling internally
2023-09-04 01:09:29 INFO     Handling a post request on /api/mp/models/graph: graph of operationName: GetModelViewPrefetch we are handling internally
2023-09-04 01:09:29 INFO     Handling a post request on /api/mp/models/graph: graph of operationName: GetSnapshots we are handling internally
2023-09-04 01:09:29 WARNING  404 error: /api/v1/event may not be downloading everything right
2023-09-04 01:09:29 WARNING  404 error: /api/v1/event may not be downloading everything right
2023-09-04 01:09:29 WARNING  404 error: /api/v1/event may not be downloading everything right
2023-09-04 01:09:29 WARNING  404 error: /api/v1/event may not be downloading everything right
2023-09-04 01:11:12 INFO     Server started up
2023-09-04 01:11:21 WARNING  404 error: /api/v1/event may not be downloading everything right
2023-09-04 01:34:48 WARNING  404 error: /api/v1/event may not be downloading everything right
2023-09-04 01:41:10 INFO     Server started up
2023-09-04 01:41:14 INFO     Redirecting /js/showcase.js => /js/showcase-internal.js as using our internal showcase.js file
2023-09-04 01:41:15 INFO     Handling a post request on /api/mp/models/graph: graph of operationName: GetModelPolicies we are handling internally
2023-09-04 01:41:15 INFO     Handling a post request on /api/mp/models/graph: graph of operationName: GetModelViewPrefetch we are handling internally
2023-09-04 01:41:15 INFO     Handling a post request on /api/mp/models/graph: graph of operationName: GetSnapshots we are handling internally
2023-09-04 01:41:15 WARNING  404 error: /api/v1/event may not be downloading everything right
2023-09-04 01:41:15 WARNING  404 error: /api/v1/event may not be downloading everything right
2023-09-04 01:41:15 WARNING  404 error: /api/v1/event may not be downloading everything right
2023-09-04 01:41:15 WARNING  404 error: /api/v1/event may not be downloading everything right
2023-09-04 01:41:19 WARNING  404 error: /api/v1/event may not be downloading everything right
2023-09-04 01:41:19 WARNING  404 error: /api/v1/event may not be downloading everything right
2023-09-04 01:41:20 WARNING  404 error: /api/v1/event may not be downloading everything right
2023-09-04 01:41:20 WARNING  404 error: /api/v1/event may not be downloading everything right
2023-09-04 01:41:20 WARNING  404 error: /api/v1/event may not be downloading everything right
2023-09-04 01:41:20 WARNING  404 error: /api/v1/event may not be downloading everything right
2023-09-04 01:41:20 WARNING  404 error: /api/v1/event may not be downloading everything right
2023-09-04 01:41:20 WARNING  404 error: /api/v1/event may not be downloading everything right
2023-09-04 01:41:25 WARNING  404 error: /api/v1/event may not be downloading everything right
2023-09-04 01:41:29 WARNING  404 error: /api/v1/event may not be downloading everything right
2023-09-04 01:41:38 WARNING  404 error: /api/v1/event may not be downloading everything right
2023-09-04 01:42:35 INFO     Server started up
2023-09-04 01:42:37 WARNING  404 error: /api/v1/event?api_key=Rk5K64KYkKq9ZbcheBn4d may not be downloading everything right
2023-09-04 01:42:37 INFO     Handling a post request on /api/mp/models/graph: graph of operationName: GetModelPolicies we are handling internally
2023-09-04 01:42:38 INFO     Handling a post request on /api/mp/models/graph: graph of operationName: GetModelViewPrefetch we are handling internally
2023-09-04 01:42:38 INFO     Handling a post request on /api/mp/models/graph: graph of operationName: GetSnapshots we are handling internally
2023-09-04 01:42:38 WARNING  404 error: /api/v1/event may not be downloading everything right
2023-09-04 01:42:38 WARNING  404 error: /api/v1/event may not be downloading everything right
2023-09-04 01:42:38 WARNING  404 error: /api/v1/event may not be downloading everything right
2023-09-04 01:42:38 WARNING  404 error: /api/v1/event may not be downloading everything right
2023-09-04 01:42:42 WARNING  404 error: /api/v1/event may not be downloading everything right
2023-09-04 01:42:42 WARNING  404 error: /api/v1/event may not be downloading everything right
2023-09-04 01:42:43 WARNING  404 error: /api/v1/event may not be downloading everything right
2023-09-04 01:42:43 WARNING  404 error: /api/v1/event may not be downloading everything right
2023-09-04 01:42:43 WARNING  404 error: /api/v1/event may not be downloading everything right
2023-09-04 01:42:43 WARNING  404 error: /api/v1/event may not be downloading everything right
2023-09-04 01:42:43 WARNING  404 error: /api/v1/event may not be downloading everything right
2023-09-04 01:42:43 WARNING  404 error: /api/v1/event may not be downloading everything right
2023-09-04 01:42:52 WARNING  404 error: /api/v1/event may not be downloading everything right
2023-09-04 01:42:58 WARNING  404 error: /api/v1/event may not be downloading everything right
2023-09-04 01:43:44 INFO     Server started up
2023-09-04 01:43:46 WARNING  404 error: /api/v1/event?api_key=Rk5K64KYkKq9ZbcheBn4d may not be downloading everything right
2023-09-04 01:43:46 INFO     Handling a post request on /api/mp/models/graph: graph of operationName: GetModelPolicies we are handling internally
2023-09-04 01:43:46 INFO     Handling a post request on /api/mp/models/graph: graph of operationName: GetModelViewPrefetch we are handling internally
2023-09-04 01:43:46 INFO     Handling a post request on /api/mp/models/graph: graph of operationName: GetSnapshots we are handling internally
2023-09-04 01:43:46 WARNING  404 error: /api/v1/event may not be downloading everything right
2023-09-04 01:43:47 WARNING  404 error: /api/v1/event may not be downloading everything right
2023-09-04 01:43:47 WARNING  404 error: /api/v1/event may not be downloading everything right
2023-09-04 01:43:47 WARNING  404 error: /api/v1/event may not be downloading everything right
2023-09-04 01:43:50 WARNING  404 error: /api/v1/event may not be downloading everything right
2023-09-04 01:43:51 WARNING  404 error: /api/v1/event may not be downloading everything right
2023-09-04 01:43:51 WARNING  404 error: /api/v1/event may not be downloading everything right
2023-09-04 01:43:51 WARNING  404 error: /api/v1/event may not be downloading everything right
2023-09-04 01:43:51 WARNING  404 error: /api/v1/event may not be downloading everything right
2023-09-04 01:43:51 WARNING  404 error: /api/v1/event may not be downloading everything right
2023-09-04 01:43:51 WARNING  404 error: /api/v1/event may not be downloading everything right
2023-09-04 01:43:52 WARNING  404 error: /api/v1/event may not be downloading everything right
2023-09-04 01:44:00 WARNING  404 error: /api/v1/event may not be downloading everything right
2023-09-04 01:44:07 WARNING  404 error: /api/v1/event may not be downloading everything right
2023-09-04 01:44:53 INFO     Server started up
2023-09-04 01:44:55 WARNING  404 error: /api/v1/event?api_key=Rk5K64KYkKq9ZbcheBn4d may not be downloading everything right
2023-09-04 01:44:55 INFO     Handling a post request on /api/mp/models/graph: graph of operationName: GetModelPolicies we are handling internally
2023-09-04 01:44:56 INFO     Handling a post request on /api/mp/models/graph: graph of operationName: GetModelViewPrefetch we are handling internally
2023-09-04 01:44:56 INFO     Handling a post request on /api/mp/models/graph: graph of operationName: GetSnapshots we are handling internally
2023-09-04 01:44:56 WARNING  404 error: /api/v1/event may not be downloading everything right
2023-09-04 01:44:56 WARNING  404 error: /api/v1/event may not be downloading everything right
2023-09-04 01:44:56 WARNING  404 error: /api/v1/event may not be downloading everything right
2023-09-04 01:44:56 WARNING  404 error: /api/v1/event may not be downloading everything right
2023-09-04 01:45:00 WARNING  404 error: /api/v1/event may not be downloading everything right
2023-09-04 01:45:00 WARNING  404 error: /api/v1/event may not be downloading everything right
2023-09-04 01:45:01 WARNING  404 error: /api/v1/event may not be downloading everything right
2023-09-04 01:45:01 WARNING  404 error: /api/v1/event may not be downloading everything right
2023-09-04 01:45:01 WARNING  404 error: /api/v1/event may not be downloading everything right
2023-09-04 01:45:01 WARNING  404 error: /api/v1/event may not be downloading everything right
2023-09-04 01:45:01 WARNING  404 error: /api/v1/event may not be downloading everything right
2023-09-04 01:45:01 WARNING  404 error: /api/v1/event may not be downloading everything right
2023-09-04 01:45:10 WARNING  404 error: /api/v1/event may not be downloading everything right
2023-09-04 01:45:16 WARNING  404 error: /api/v1/event may not be downloading everything right
2023-09-04 01:45:58 INFO     Server started up
2023-09-04 01:45:59 WARNING  404 error: /api/v1/event?api_key=Rk5K64KYkKq9ZbcheBn4d may not be downloading everything right
2023-09-04 01:45:59 INFO     Handling a post request on /api/mp/models/graph: graph of operationName: GetModelPolicies we are handling internally
2023-09-04 01:46:00 INFO     Handling a post request on /api/mp/models/graph: graph of operationName: GetModelViewPrefetch we are handling internally
2023-09-04 01:46:00 INFO     Handling a post request on /api/mp/models/graph: graph of operationName: GetSnapshots we are handling internally
2023-09-04 01:46:00 WARNING  404 error: /api/v1/event may not be downloading everything right
2023-09-04 01:46:00 WARNING  404 error: /api/v1/event may not be downloading everything right
2023-09-04 01:46:00 WARNING  404 error: /api/v1/event may not be downloading everything right
2023-09-04 01:46:00 WARNING  404 error: /api/v1/event may not be downloading everything right
2023-09-04 01:46:04 WARNING  404 error: /api/v1/event may not be downloading everything right
2023-09-04 01:46:04 WARNING  404 error: /api/v1/event may not be downloading everything right
2023-09-04 01:46:05 WARNING  404 error: /api/v1/event may not be downloading everything right
2023-09-04 01:46:05 WARNING  404 error: /api/v1/event may not be downloading everything right
2023-09-04 01:46:05 WARNING  404 error: /api/v1/event may not be downloading everything right
2023-09-04 01:46:05 WARNING  404 error: /api/v1/event may not be downloading everything right
2023-09-04 01:46:05 WARNING  404 error: /api/v1/event may not be downloading everything right
2023-09-04 01:46:05 WARNING  404 error: /api/v1/event may not be downloading everything right
2023-09-04 01:46:14 WARNING  404 error: /api/v1/event may not be downloading everything right
2023-09-04 01:46:20 WARNING  404 error: /api/v1/event may not be downloading everything right
2023-09-04 01:47:09 INFO     Server started up
2023-09-04 01:47:11 WARNING  404 error: /api/v1/event?api_key=Rk5K64KYkKq9ZbcheBn4d may not be downloading everything right
2023-09-04 01:47:11 INFO     Handling a post request on /api/mp/models/graph: graph of operationName: GetModelPolicies we are handling internally
2023-09-04 01:47:12 INFO     Handling a post request on /api/mp/models/graph: graph of operationName: GetModelViewPrefetch we are handling internally
2023-09-04 01:47:12 INFO     Handling a post request on /api/mp/models/graph: graph of operationName: GetSnapshots we are handling internally
2023-09-04 01:47:12 WARNING  404 error: /api/v1/event may not be downloading everything right
2023-09-04 01:47:12 WARNING  404 error: /api/v1/event may not be downloading everything right
2023-09-04 01:47:12 WARNING  404 error: /api/v1/event may not be downloading everything right
2023-09-04 01:47:12 WARNING  404 error: /api/v1/event may not be downloading everything right
2023-09-04 01:47:16 WARNING  404 error: /api/v1/event may not be downloading everything right
2023-09-04 01:47:16 WARNING  404 error: /api/v1/event may not be downloading everything right
2023-09-04 01:47:17 WARNING  404 error: /api/v1/event may not be downloading everything right
2023-09-04 01:47:17 WARNING  404 error: /api/v1/event may not be downloading everything right
2023-09-04 01:47:17 WARNING  404 error: /api/v1/event may not be downloading everything right
2023-09-04 01:47:17 WARNING  404 error: /api/v1/event may not be downloading everything right
2023-09-04 01:47:17 WARNING  404 error: /api/v1/event may not be downloading everything right
2023-09-04 01:47:17 WARNING  404 error: /api/v1/event may not be downloading everything right
2023-09-04 01:47:26 WARNING  404 error: /api/v1/event may not be downloading everything right
2023-09-04 01:47:45 WARNING  404 error: /api/v1/event may not be downloading everything right
2023-09-04 01:55:14 WARNING  404 error: /api/v1/event may not be downloading everything right
2023-09-04 01:55:31 WARNING  404 error: /api/v1/event may not be downloading everything right
2023-09-04 01:55:36 WARNING  404 error: /api/v1/event may not be downloading everything right
2023-09-04 01:55:41 WARNING  404 error: /api/v1/event may not be downloading everything right
2023-09-04 01:55:46 WARNING  404 error: /api/v1/event may not be downloading everything right
2023-09-04 01:57:28 WARNING  404 error: /api/v1/event may not be downloading everything right
2023-09-04 01:57:54 WARNING  404 error: /api/v1/event may not be downloading everything right
2023-09-04 02:00:06 INFO     Server started up
2023-09-04 02:00:09 WARNING  404 error: /api/v1/event?api_key=Rk5K64KYkKq9ZbcheBn4d may not be downloading everything right
2023-09-04 02:00:09 INFO     Redirecting /js/showcase.js => /js/showcase-internal.js as using our internal showcase.js file
2023-09-04 02:00:09 INFO     Handling a post request on /api/mp/models/graph: graph of operationName: GetModelPolicies we are handling internally
2023-09-04 02:00:09 INFO     Handling a post request on /api/mp/models/graph: graph of operationName: GetModelViewPrefetch we are handling internally
2023-09-04 02:00:09 INFO     Handling a post request on /api/mp/models/graph: graph of operationName: GetSnapshots we are handling internally
2023-09-04 02:00:09 WARNING  404 error: /api/v1/event may not be downloading everything right
2023-09-04 02:00:09 WARNING  404 error: /api/v1/event may not be downloading everything right
2023-09-04 02:00:10 WARNING  404 error: /api/v1/event may not be downloading everything right
2023-09-04 02:00:10 WARNING  404 error: /api/v1/event may not be downloading everything right
2023-09-04 02:00:13 WARNING  404 error: /api/v1/event may not be downloading everything right
2023-09-04 02:00:13 WARNING  404 error: /api/v1/event may not be downloading everything right
2023-09-04 02:00:14 WARNING  404 error: /api/v1/event may not be downloading everything right
2023-09-04 02:00:14 WARNING  404 error: /api/v1/event may not be downloading everything right
2023-09-04 02:00:14 WARNING  404 error: /api/v1/event may not be downloading everything right
2023-09-04 02:00:14 WARNING  404 error: /api/v1/event may not be downloading everything right
2023-09-04 02:00:14 WARNING  404 error: /api/v1/event may not be downloading everything right
2023-09-04 02:00:14 WARNING  404 error: /api/v1/event may not be downloading everything right
2023-09-04 02:00:23 WARNING  404 error: /api/v1/event may not be downloading everything right
2023-09-04 02:00:29 WARNING  404 error: /api/v1/event may not be downloading everything right
2023-09-04 02:00:35 WARNING  404 error: /api/v1/event may not be downloading everything right
2023-09-04 02:11:08 INFO     Server started up
2023-09-04 02:11:11 WARNING  404 error: /api/v1/event?api_key=Rk5K64KYkKq9ZbcheBn4d may not be downloading everything right
2023-09-04 02:11:11 INFO     Handling a post request on /api/mp/models/graph: graph of operationName: GetModelPolicies we are handling internally
2023-09-04 02:11:11 INFO     Handling a post request on /api/mp/models/graph: graph of operationName: GetModelViewPrefetch we are handling internally
2023-09-04 02:11:11 INFO     Handling a post request on /api/mp/models/graph: graph of operationName: GetSnapshots we are handling internally
2023-09-04 02:11:11 WARNING  404 error: /api/v1/event may not be downloading everything right
2023-09-04 02:11:11 WARNING  404 error: /api/v1/event may not be downloading everything right
2023-09-04 02:11:12 WARNING  404 error: /api/v1/event may not be downloading everything right
2023-09-04 02:11:12 WARNING  404 error: /api/v1/event may not be downloading everything right
2023-09-04 02:13:40 INFO     Server started up
2023-09-04 02:13:43 WARNING  404 error: /api/v1/event may not be downloading everything right
2023-09-04 02:13:43 WARNING  404 error: /api/v1/event may not be downloading everything right
2023-09-04 02:13:44 INFO     Handling a post request on /api/mp/models/graph: graph of operationName: GetModelPolicies we are handling internally
2023-09-04 02:13:44 INFO     Handling a post request on /api/mp/models/graph: graph of operationName: GetModelViewPrefetch we are handling internally
2023-09-04 02:13:44 INFO     Handling a post request on /api/mp/models/graph: graph of operationName: GetSnapshots we are handling internally
2023-09-04 02:13:44 WARNING  404 error: /api/v1/event may not be downloading everything right
2023-09-04 02:13:44 WARNING  404 error: /api/v1/event may not be downloading everything right
2023-09-04 02:13:44 WARNING  404 error: /api/v1/event may not be downloading everything right
2023-09-04 02:13:44 WARNING  404 error: /api/v1/event may not be downloading everything right
2023-09-04 02:13:47 WARNING  404 error: /api/v1/event may not be downloading everything right
2023-09-04 02:13:48 WARNING  404 error: /api/v1/event may not be downloading everything right
2023-09-04 02:13:48 WARNING  404 error: /api/v1/event may not be downloading everything right
2023-09-04 02:13:48 WARNING  404 error: /api/v1/event may not be downloading everything right
2023-09-04 02:13:48 WARNING  404 error: /api/v1/event may not be downloading everything right
2023-09-04 02:13:48 WARNING  404 error: /api/v1/event may not be downloading everything right
2023-09-04 02:13:48 WARNING  404 error: /api/v1/event may not be downloading everything right
2023-09-04 02:13:49 WARNING  404 error: /api/v1/event may not be downloading everything right
2023-09-04 02:13:49 WARNING  404 error: /api/v1/event may not be downloading everything right
2023-09-04 02:13:51 WARNING  404 error: /api/v1/event may not be downloading everything right
2023-09-04 02:13:51 WARNING  404 error: /api/v1/event may not be downloading everything right
2023-09-04 02:13:52 WARNING  404 error: /api/v1/event may not be downloading everything right
2023-09-04 02:13:52 WARNING  404 error: /api/v1/event may not be downloading everything right
2023-09-04 02:13:54 WARNING  404 error: /api/v1/event may not be downloading everything right
2023-09-04 02:13:54 WARNING  404 error: /api/v1/event may not be downloading everything right
2023-09-04 02:13:55 WARNING  404 error: /api/v1/event?api_key=Rk5K64KYkKq9ZbcheBn4d may not be downloading everything right
2023-09-04 02:13:55 INFO     Handling a post request on /api/mp/models/graph: graph of operationName: GetModelPolicies we are handling internally
2023-09-04 02:13:55 INFO     Handling a post request on /api/mp/models/graph: graph of operationName: GetModelViewPrefetch we are handling internally
2023-09-04 02:13:55 INFO     Handling a post request on /api/mp/models/graph: graph of operationName: GetSnapshots we are handling internally
2023-09-04 02:13:55 WARNING  404 error: /api/v1/event may not be downloading everything right
2023-09-04 02:13:56 WARNING  404 error: /api/v1/event may not be downloading everything right
2023-09-04 02:13:56 WARNING  404 error: /api/v1/event may not be downloading everything right
2023-09-04 02:13:56 WARNING  404 error: /api/v1/event may not be downloading everything right
2023-09-04 02:20:25 WARNING  404 error: /api/v1/event may not be downloading everything right
2023-09-04 02:20:26 WARNING  404 error: /api/v1/event may not be downloading everything right
2023-09-04 02:20:26 WARNING  404 error: /api/v1/event may not be downloading everything right
2023-09-04 02:20:27 WARNING  404 error: /api/v1/event may not be downloading everything right
2023-09-04 02:20:27 WARNING  404 error: /api/v1/event may not be downloading everything right
2023-09-04 02:20:27 WARNING  404 error: /api/v1/event may not be downloading everything right
2023-09-04 02:20:27 WARNING  404 error: /api/v1/event may not be downloading everything right
2023-09-04 02:20:27 WARNING  404 error: /api/v1/event may not be downloading everything right
2023-09-04 02:20:31 WARNING  404 error: /api/v1/event may not be downloading everything right
2023-09-04 02:20:36 WARNING  404 error: /api/v1/event may not be downloading everything right
2023-09-04 02:22:20 INFO     Server started up
2023-09-04 02:22:22 WARNING  404 error: /api/v1/event?api_key=Rk5K64KYkKq9ZbcheBn4d may not be downloading everything right
2023-09-04 02:22:22 INFO     Handling a post request on /api/mp/models/graph: graph of operationName: GetModelPolicies we are handling internally
2023-09-04 02:22:22 INFO     Handling a post request on /api/mp/models/graph: graph of operationName: GetModelViewPrefetch we are handling internally
2023-09-04 02:22:22 INFO     Handling a post request on /api/mp/models/graph: graph of operationName: GetSnapshots we are handling internally
2023-09-04 02:22:22 WARNING  404 error: /api/v1/event may not be downloading everything right
2023-09-04 02:22:23 WARNING  404 error: /api/v1/event may not be downloading everything right
2023-09-04 02:22:23 WARNING  404 error: /api/v1/event may not be downloading everything right
2023-09-04 02:22:23 WARNING  404 error: /api/v1/event may not be downloading everything right
2023-09-04 02:22:26 WARNING  404 error: /api/v1/event may not be downloading everything right
2023-09-04 02:22:26 WARNING  404 error: /api/v1/event may not be downloading everything right
2023-09-04 02:22:27 WARNING  404 error: /api/v1/event may not be downloading everything right
2023-09-04 02:22:27 WARNING  404 error: /api/v1/event may not be downloading everything right
2023-09-04 02:22:27 WARNING  404 error: /api/v1/event may not be downloading everything right
2023-09-04 02:22:27 WARNING  404 error: /api/v1/event may not be downloading everything right
2023-09-04 02:22:27 WARNING  404 error: /api/v1/event may not be downloading everything right
2023-09-04 02:22:27 WARNING  404 error: /api/v1/event may not be downloading everything right
2023-09-04 02:22:36 WARNING  404 error: /api/v1/event may not be downloading everything right
2023-09-04 02:22:42 WARNING  404 error: /api/v1/event may not be downloading everything right
2023-09-04 02:24:45 INFO     Server started up
2023-09-04 02:24:47 WARNING  404 error: /api/v1/event?api_key=Rk5K64KYkKq9ZbcheBn4d may not be downloading everything right
2023-09-04 02:24:47 INFO     Handling a post request on /api/mp/models/graph: graph of operationName: GetModelPolicies we are handling internally
2023-09-04 02:24:47 INFO     Handling a post request on /api/mp/models/graph: graph of operationName: GetModelViewPrefetch we are handling internally
2023-09-04 02:24:47 INFO     Handling a post request on /api/mp/models/graph: graph of operationName: GetSnapshots we are handling internally
2023-09-04 02:24:47 WARNING  404 error: /api/v1/event may not be downloading everything right
2023-09-04 02:24:47 WARNING  404 error: /api/v1/event may not be downloading everything right
2023-09-04 02:24:47 WARNING  404 error: /api/v1/event may not be downloading everything right
2023-09-04 02:24:47 WARNING  404 error: /api/v1/event may not be downloading everything right
2023-09-04 02:24:51 WARNING  404 error: /api/v1/event may not be downloading everything right
2023-09-04 02:24:51 WARNING  404 error: /api/v1/event may not be downloading everything right
2023-09-04 02:24:52 WARNING  404 error: /api/v1/event may not be downloading everything right
2023-09-04 02:24:52 WARNING  404 error: /api/v1/event may not be downloading everything right
2023-09-04 02:24:52 WARNING  404 error: /api/v1/event may not be downloading everything right
2023-09-04 02:24:52 WARNING  404 error: /api/v1/event may not be downloading everything right
2023-09-04 02:24:52 WARNING  404 error: /api/v1/event may not be downloading everything right
2023-09-04 02:24:52 WARNING  404 error: /api/v1/event may not be downloading everything right
2023-09-04 02:25:01 WARNING  404 error: /api/v1/event may not be downloading everything right
2023-09-04 02:25:07 WARNING  404 error: /api/v1/event may not be downloading everything right
2023-09-04 02:25:45 INFO     Server started up
2023-09-04 02:25:58 INFO     Server started up
2023-09-04 02:26:00 WARNING  404 error: /api/v1/event?api_key=Rk5K64KYkKq9ZbcheBn4d may not be downloading everything right
2023-09-04 02:26:00 INFO     Handling a post request on /api/mp/models/graph: graph of operationName: GetModelPolicies we are handling internally
2023-09-04 02:26:00 INFO     Handling a post request on /api/mp/models/graph: graph of operationName: GetModelViewPrefetch we are handling internally
2023-09-04 02:26:00 INFO     Handling a post request on /api/mp/models/graph: graph of operationName: GetSnapshots we are handling internally
2023-09-04 02:26:00 WARNING  404 error: /api/v1/event may not be downloading everything right
2023-09-04 02:26:00 WARNING  404 error: /api/v1/event may not be downloading everything right
2023-09-04 02:26:00 WARNING  404 error: /api/v1/event may not be downloading everything right
2023-09-04 02:26:00 WARNING  404 error: /api/v1/event may not be downloading everything right
2023-09-04 02:26:04 WARNING  404 error: /api/v1/event may not be downloading everything right
2023-09-04 02:26:04 WARNING  404 error: /api/v1/event may not be downloading everything right
2023-09-04 02:26:05 WARNING  404 error: /api/v1/event may not be downloading everything right
2023-09-04 02:26:05 WARNING  404 error: /api/v1/event may not be downloading everything right
2023-09-04 02:26:05 WARNING  404 error: /api/v1/event may not be downloading everything right
2023-09-04 02:26:05 WARNING  404 error: /api/v1/event may not be downloading everything right
2023-09-04 02:26:05 WARNING  404 error: /api/v1/event may not be downloading everything right
2023-09-04 02:26:14 WARNING  404 error: /api/v1/event may not be downloading everything right
2023-09-04 02:26:20 WARNING  404 error: /api/v1/event may not be downloading everything right
2023-09-04 02:27:11 WARNING  404 error: /api/v1/event may not be downloading everything right
2023-09-04 02:30:21 INFO     Server started up
2023-09-04 02:30:24 WARNING  404 error: /api/v1/event?api_key=Rk5K64KYkKq9ZbcheBn4d may not be downloading everything right
2023-09-04 02:30:25 INFO     Handling a post request on /api/mp/models/graph: graph of operationName: GetModelPolicies we are handling internally
2023-09-04 02:30:25 INFO     Handling a post request on /api/mp/models/graph: graph of operationName: GetModelViewPrefetch we are handling internally
2023-09-04 02:30:25 INFO     Handling a post request on /api/mp/models/graph: graph of operationName: GetSnapshots we are handling internally
2023-09-04 02:30:25 WARNING  404 error: /api/v1/event may not be downloading everything right
2023-09-04 02:30:25 WARNING  404 error: /api/v1/event may not be downloading everything right
2023-09-04 02:30:25 WARNING  404 error: /api/v1/event may not be downloading everything right
2023-09-04 02:30:25 WARNING  404 error: /api/v1/event may not be downloading everything right
2023-09-04 02:30:28 WARNING  404 error: /api/v1/event may not be downloading everything right
2023-09-04 02:30:29 WARNING  404 error: /api/v1/event may not be downloading everything right
2023-09-04 02:30:29 WARNING  404 error: /api/v1/event may not be downloading everything right
2023-09-04 02:30:29 WARNING  404 error: /api/v1/event may not be downloading everything right
2023-09-04 02:30:29 WARNING  404 error: /api/v1/event may not be downloading everything right
2023-09-04 02:30:29 WARNING  404 error: /api/v1/event may not be downloading everything right
2023-09-04 02:30:29 WARNING  404 error: /api/v1/event may not be downloading everything right
2023-09-04 02:30:30 WARNING  404 error: /api/v1/event may not be downloading everything right
2023-09-04 02:30:30 WARNING  404 error: /api/v1/event may not be downloading everything right
2023-09-04 02:30:38 WARNING  404 error: /api/v1/event may not be downloading everything right
2023-09-04 02:30:47 WARNING  404 error: /api/v1/event may not be downloading everything right
2023-09-04 02:31:29 WARNING  404 error: /api/v1/event may not be downloading everything right
