2023-08-17 00:46:39 INFO     Server started up
2023-08-17 00:46:44 INFO     Redirecting /js/showcase.js => /js/showcase-internal.js as using our internal showcase.js file
2023-08-17 00:46:44 INFO     Handling a post request on /api/mp/models/graph: graph of operationName: GetModelPolicies we are handling internally
2023-08-17 00:46:44 INFO     Handling a post request on /api/mp/models/graph: graph of operationName: GetModelViewPrefetch we are handling internally
2023-08-17 00:46:44 INFO     Handling a post request on /api/mp/models/graph: graph of operationName: GetSnapshots we are handling internally
2023-08-17 00:46:44 WARNING  404 error: /api/v1/event may not be downloading everything right
2023-08-17 00:46:47 WARNING  404 error: /api/v1/event may not be downloading everything right
2023-08-17 00:46:47 WARNING  404 error: /api/v1/event may not be downloading everything right
2023-08-17 00:46:47 WARNING  404 error: /api/v1/event may not be downloading everything right
2023-08-17 00:46:50 WARNING  404 error: /api/v1/event may not be downloading everything right
2023-08-17 00:46:50 WARNING  404 error: /api/v1/event may not be downloading everything right
2023-08-17 00:46:51 WARNING  404 error: /api/v1/event may not be downloading everything right
2023-08-17 00:46:51 WARNING  404 error: /api/v1/event may not be downloading everything right
2023-08-17 00:46:51 WARNING  404 error: /api/v1/event may not be downloading everything right
2023-08-17 00:46:51 WARNING  404 error: /api/v1/event may not be downloading everything right
2023-08-17 00:46:51 WARNING  404 error: /api/v1/event may not be downloading everything right
2023-08-17 00:46:51 WARNING  404 error: /api/v1/event may not be downloading everything right
2023-08-17 00:46:51 WARNING  404 error: /api/v1/event may not be downloading everything right
2023-08-17 00:46:54 WARNING  404 error: /api/v1/event may not be downloading everything right
2023-08-17 00:46:54 WARNING  404 error: /api/v1/event may not be downloading everything right
2023-08-17 00:46:54 WARNING  404 error: /api/v1/event may not be downloading everything right
2023-08-17 00:46:54 WARNING  404 error: /api/v1/event may not be downloading everything right
2023-08-17 00:46:56 WARNING  404 error: /api/v1/event may not be downloading everything right
2023-08-17 00:46:56 WARNING  404 error: /api/v1/event may not be downloading everything right
2023-08-17 00:46:56 WARNING  404 error: /api/v1/event may not be downloading everything right
2023-08-17 00:46:57 WARNING  404 error: /api/v1/event may not be downloading everything right
2023-08-17 00:46:57 WARNING  404 error: /api/v1/event may not be downloading everything right
2023-08-17 00:46:58 WARNING  404 error: /api/v1/event may not be downloading everything right
2023-08-17 00:46:59 WARNING  404 error: /api/v1/event may not be downloading everything right
2023-08-17 00:46:59 WARNING  404 error: /api/v1/event may not be downloading everything right
2023-08-17 00:46:59 WARNING  404 error: /api/v1/event may not be downloading everything right
2023-08-17 00:47:00 WARNING  404 error: /api/v1/event may not be downloading everything right
2023-08-17 00:47:00 WARNING  404 error: /api/v1/event may not be downloading everything right
2023-08-17 00:47:01 WARNING  404 error: /api/v1/event may not be downloading everything right
2023-08-17 00:47:01 WARNING  404 error: /api/v1/event may not be downloading everything right
2023-08-17 00:47:01 WARNING  404 error: /api/v1/event may not be downloading everything right
2023-08-17 00:47:04 WARNING  404 error: /api/v1/event may not be downloading everything right
2023-08-17 00:47:05 WARNING  404 error: /api/v1/event may not be downloading everything right
2023-08-17 00:47:05 WARNING  404 error: /api/v1/event may not be downloading everything right
2023-08-17 00:47:06 WARNING  404 error: /api/v1/event may not be downloading everything right
2023-08-17 00:47:06 WARNING  404 error: /api/v1/event may not be downloading everything right
2023-08-17 00:47:06 WARNING  404 error: /api/v1/event may not be downloading everything right
2023-08-17 00:47:07 WARNING  404 error: /api/v1/event may not be downloading everything right
2023-08-17 00:47:07 WARNING  404 error: /api/v1/event may not be downloading everything right
2023-08-17 00:47:07 WARNING  404 error: /api/v1/event may not be downloading everything right
2023-08-17 00:47:08 WARNING  404 error: /api/v1/event may not be downloading everything right
2023-08-17 00:47:09 WARNING  404 error: /api/v1/event may not be downloading everything right
2023-08-17 00:47:09 WARNING  404 error: /api/v1/event may not be downloading everything right
2023-08-17 00:47:09 WARNING  404 error: /api/v1/event may not be downloading everything right
2023-08-17 00:47:10 WARNING  404 error: /api/v1/event may not be downloading everything right
2023-08-17 00:47:10 WARNING  404 error: /api/v1/event may not be downloading everything right
2023-08-17 00:47:11 WARNING  404 error: /api/v1/event may not be downloading everything right
2023-08-17 00:47:11 WARNING  404 error: /api/v1/event may not be downloading everything right
2023-08-17 00:47:11 WARNING  404 error: /api/v1/event may not be downloading everything right
2023-08-17 00:47:11 WARNING  404 error: /api/v1/event may not be downloading everything right
2023-08-17 00:47:12 WARNING  404 error: /api/v1/event may not be downloading everything right
2023-08-17 00:47:13 WARNING  404 error: /api/v1/event may not be downloading everything right
2023-08-17 00:47:13 WARNING  404 error: /api/v1/event may not be downloading everything right
2023-08-17 00:47:13 WARNING  404 error: /api/v1/event may not be downloading everything right
2023-08-17 00:47:15 WARNING  404 error: /api/v1/event?api_key=Rk5K64KYkKq9ZbcheBn4d may not be downloading everything right
2023-08-17 00:57:36 INFO     Handling a post request on /api/mp/models/graph: graph of operationName: GetModelPolicies we are handling internally
2023-08-17 00:57:37 INFO     Handling a post request on /api/mp/models/graph: graph of operationName: GetModelViewPrefetch we are handling internally
2023-08-17 00:57:37 INFO     Handling a post request on /api/mp/models/graph: graph of operationName: GetSnapshots we are handling internally
2023-08-17 00:57:37 WARNING  404 error: /api/v1/event may not be downloading everything right
2023-08-17 00:57:37 WARNING  404 error: /api/v1/event may not be downloading everything right
2023-08-17 00:57:37 WARNING  404 error: /api/v1/event may not be downloading everything right
2023-08-17 00:57:37 WARNING  404 error: /api/v1/event may not be downloading everything right
2023-08-17 00:57:40 WARNING  404 error: /api/v1/event may not be downloading everything right
2023-08-17 00:57:41 WARNING  404 error: /api/v1/event may not be downloading everything right
2023-08-17 00:57:41 WARNING  404 error: /api/v1/event may not be downloading everything right
2023-08-17 00:57:41 WARNING  404 error: /api/v1/event may not be downloading everything right
2023-08-17 00:57:41 WARNING  404 error: /api/v1/event may not be downloading everything right
2023-08-17 00:57:41 WARNING  404 error: /api/v1/event may not be downloading everything right
2023-08-17 00:57:41 WARNING  404 error: /api/v1/event may not be downloading everything right
2023-08-17 00:57:41 WARNING  404 error: /api/v1/event may not be downloading everything right
2023-08-17 00:57:41 WARNING  404 error: /api/v1/event may not be downloading everything right
2023-08-17 00:57:42 WARNING  404 error: /api/v1/event may not be downloading everything right
2023-08-17 00:57:42 WARNING  404 error: /api/v1/event may not be downloading everything right
2023-08-17 00:57:43 WARNING  404 error: /api/v1/event may not be downloading everything right
2023-08-17 00:57:43 WARNING  404 error: /api/v1/event may not be downloading everything right
2023-08-17 00:57:44 WARNING  404 error: /api/v1/event may not be downloading everything right
2023-08-17 00:57:45 WARNING  404 error: /api/v1/event may not be downloading everything right
2023-08-17 00:57:45 WARNING  404 error: /api/v1/event may not be downloading everything right
2023-08-17 00:57:45 WARNING  404 error: /api/v1/event may not be downloading everything right
2023-08-17 00:57:46 WARNING  404 error: /api/v1/event may not be downloading everything right
2023-08-17 00:57:46 WARNING  404 error: /api/v1/event may not be downloading everything right
2023-08-17 00:57:47 WARNING  404 error: /api/v1/event may not be downloading everything right
2023-08-17 00:57:47 WARNING  404 error: /api/v1/event may not be downloading everything right
2023-08-17 00:57:47 WARNING  404 error: /api/v1/event may not be downloading everything right
2023-08-17 00:57:47 WARNING  404 error: /api/v1/event may not be downloading everything right
2023-08-17 00:57:47 WARNING  404 error: /api/v1/event may not be downloading everything right
2023-08-17 00:57:48 WARNING  404 error: /api/v1/event may not be downloading everything right
2023-08-17 00:57:48 WARNING  404 error: /api/v1/event may not be downloading everything right
2023-08-17 00:57:49 WARNING  404 error: /api/v1/event may not be downloading everything right
2023-08-17 00:57:49 WARNING  404 error: /api/v1/event may not be downloading everything right
2023-08-17 00:57:50 WARNING  404 error: /api/v1/event may not be downloading everything right
2023-08-17 00:57:50 WARNING  404 error: /api/v1/event may not be downloading everything right
2023-08-17 00:57:50 WARNING  404 error: /api/v1/event may not be downloading everything right
2023-08-17 00:57:52 WARNING  404 error: /api/v1/event may not be downloading everything right
2023-08-17 00:57:52 WARNING  404 error: /api/v1/event may not be downloading everything right
2023-08-17 00:57:56 WARNING  404 error: /api/v1/event?api_key=Rk5K64KYkKq9ZbcheBn4d may not be downloading everything right
2023-08-17 01:19:47 INFO     Redirecting /js/showcase.js => /js/showcase-internal.js as using our internal showcase.js file
2023-08-17 01:19:47 INFO     Handling a post request on /api/mp/models/graph: graph of operationName: GetModelPolicies we are handling internally
2023-08-17 01:19:47 INFO     Handling a post request on /api/mp/models/graph: graph of operationName: GetModelViewPrefetch we are handling internally
2023-08-17 01:19:47 INFO     Handling a post request on /api/mp/models/graph: graph of operationName: GetSnapshots we are handling internally
2023-08-17 01:19:47 WARNING  404 error: /api/v1/event may not be downloading everything right
2023-08-17 01:19:48 WARNING  404 error: /api/v1/event may not be downloading everything right
2023-08-17 01:19:48 WARNING  404 error: /api/v1/event may not be downloading everything right
2023-08-17 01:19:48 WARNING  404 error: /api/v1/event may not be downloading everything right
2023-08-17 01:19:51 WARNING  404 error: /api/v1/event may not be downloading everything right
2023-08-17 01:19:51 WARNING  404 error: /api/v1/event may not be downloading everything right
2023-08-17 01:19:52 WARNING  404 error: /api/v1/event may not be downloading everything right
2023-08-17 01:19:52 WARNING  404 error: /api/v1/event may not be downloading everything right
2023-08-17 01:19:52 WARNING  404 error: /api/v1/event may not be downloading everything right
2023-08-17 01:19:52 WARNING  404 error: /api/v1/event may not be downloading everything right
2023-08-17 01:19:52 WARNING  404 error: /api/v1/event may not be downloading everything right
2023-08-17 01:19:52 WARNING  404 error: /api/v1/event may not be downloading everything right
2023-08-17 01:19:52 WARNING  404 error: /api/v1/event may not be downloading everything right
2023-08-17 01:19:57 WARNING  404 error: /api/v1/event may not be downloading everything right
2023-08-17 01:20:01 WARNING  404 error: /api/v1/event may not be downloading everything right
2023-08-17 01:20:04 WARNING  404 error: /api/v1/event may not be downloading everything right
2023-08-17 01:20:15 WARNING  404 error: /api/v1/event may not be downloading everything right
2023-08-17 01:20:44 WARNING  404 error: /api/v1/event may not be downloading everything right
2023-08-17 01:21:01 WARNING  404 error: /api/v1/event may not be downloading everything right
2023-08-17 01:32:20 WARNING  404 error: /api/v1/event?api_key=Rk5K64KYkKq9ZbcheBn4d may not be downloading everything right
2023-08-17 01:40:42 INFO     Server started up
2023-08-17 01:40:46 INFO     Redirecting /js/showcase.js => /js/showcase-internal.js as using our internal showcase.js file
2023-08-17 01:40:46 INFO     Handling a post request on /api/mp/models/graph: graph of operationName: GetModelPolicies we are handling internally
2023-08-17 01:40:47 INFO     Handling a post request on /api/mp/models/graph: graph of operationName: GetModelViewPrefetch we are handling internally
2023-08-17 01:40:47 INFO     Handling a post request on /api/mp/models/graph: graph of operationName: GetSnapshots we are handling internally
2023-08-17 01:40:47 WARNING  404 error: /api/v1/event may not be downloading everything right
2023-08-17 01:40:47 WARNING  404 error: /api/v1/event may not be downloading everything right
2023-08-17 01:40:47 WARNING  404 error: /api/v1/event may not be downloading everything right
2023-08-17 01:40:47 WARNING  404 error: /api/v1/event may not be downloading everything right
2023-08-17 02:20:54 INFO     Server started up
2023-08-17 02:21:01 WARNING  404 error: /api/v1/event may not be downloading everything right
2023-08-17 02:21:01 WARNING  404 error: /api/v1/event may not be downloading everything right
2023-08-17 02:21:02 WARNING  404 error: /api/v1/event may not be downloading everything right
2023-08-17 02:21:02 WARNING  404 error: /api/v1/event may not be downloading everything right
2023-08-17 02:21:02 WARNING  404 error: /api/v1/event may not be downloading everything right
2023-08-17 02:21:02 WARNING  404 error: /api/v1/event may not be downloading everything right
2023-08-17 02:23:06 INFO     Server started up
2023-08-17 02:23:11 INFO     Handling a post request on /api/mp/models/graph: graph of operationName: GetModelPolicies we are handling internally
2023-08-17 02:23:11 INFO     Handling a post request on /api/mp/models/graph: graph of operationName: GetModelViewPrefetch we are handling internally
2023-08-17 02:23:11 INFO     Handling a post request on /api/mp/models/graph: graph of operationName: GetSnapshots we are handling internally
2023-08-17 02:23:11 WARNING  404 error: /api/v1/event may not be downloading everything right
2023-08-17 02:23:12 WARNING  404 error: /api/v1/event may not be downloading everything right
2023-08-17 02:23:12 WARNING  404 error: /api/v1/event may not be downloading everything right
2023-08-17 02:23:12 WARNING  404 error: /api/v1/event may not be downloading everything right
2023-08-17 02:23:15 WARNING  404 error: /api/v1/event may not be downloading everything right
2023-08-17 02:23:16 WARNING  404 error: /api/v1/event may not be downloading everything right
2023-08-17 02:23:16 WARNING  404 error: /api/v1/event may not be downloading everything right
2023-08-17 02:23:16 WARNING  404 error: /api/v1/event may not be downloading everything right
2023-08-17 02:23:16 WARNING  404 error: /api/v1/event may not be downloading everything right
2023-08-17 02:23:16 WARNING  404 error: /api/v1/event may not be downloading everything right
2023-08-17 02:23:16 WARNING  404 error: /api/v1/event may not be downloading everything right
2023-08-17 02:23:16 WARNING  404 error: /api/v1/event may not be downloading everything right
2023-08-17 02:23:25 WARNING  404 error: /api/v1/event may not be downloading everything right
2023-08-17 02:24:06 INFO     Server started up
2023-08-17 02:24:09 WARNING  404 error: /api/v1/event?api_key=Rk5K64KYkKq9ZbcheBn4d may not be downloading everything right
2023-08-17 02:24:09 WARNING  404 error: /api/v1/event may not be downloading everything right
2023-08-17 02:24:10 WARNING  404 error: /api/v1/event may not be downloading everything right
2023-08-17 02:24:41 INFO     Server started up
2023-08-17 02:24:47 INFO     Handling a post request on /api/mp/models/graph: graph of operationName: GetModelPolicies we are handling internally
2023-08-17 02:24:47 INFO     Handling a post request on /api/mp/models/graph: graph of operationName: GetModelViewPrefetch we are handling internally
2023-08-17 02:24:47 INFO     Handling a post request on /api/mp/models/graph: graph of operationName: GetSnapshots we are handling internally
2023-08-17 02:24:47 WARNING  404 error: /api/v1/event may not be downloading everything right
2023-08-17 02:24:47 WARNING  404 error: /api/v1/event may not be downloading everything right
2023-08-17 02:24:47 WARNING  404 error: /api/v1/event may not be downloading everything right
2023-08-17 02:24:47 WARNING  404 error: /api/v1/event may not be downloading everything right
2023-08-17 02:24:51 WARNING  404 error: /api/v1/event may not be downloading everything right
2023-08-17 02:24:51 WARNING  404 error: /api/v1/event may not be downloading everything right
2023-08-17 02:24:52 WARNING  404 error: /api/v1/event may not be downloading everything right
2023-08-17 02:24:52 WARNING  404 error: /api/v1/event may not be downloading everything right
2023-08-17 02:24:52 WARNING  404 error: /api/v1/event may not be downloading everything right
2023-08-17 02:24:52 WARNING  404 error: /api/v1/event may not be downloading everything right
2023-08-17 02:24:52 WARNING  404 error: /api/v1/event may not be downloading everything right
2023-08-17 02:24:52 WARNING  404 error: /api/v1/event may not be downloading everything right
2023-08-17 02:24:52 WARNING  404 error: /api/v1/event may not be downloading everything right
2023-08-17 02:24:58 WARNING  404 error: /api/v1/event may not be downloading everything right
2023-08-17 02:25:40 WARNING  404 error: /api/v1/event may not be downloading everything right
2023-08-17 02:25:41 WARNING  404 error: /api/v1/event may not be downloading everything right
2023-08-17 02:25:48 WARNING  404 error: /api/v1/event may not be downloading everything right
